<?xml version="1.0" encoding="UTF-8"?>
<robot generator="Robot 4.1.2 (Python 3.10.0 on win32)" generated="20211024 22:34:14.015" rpa="false" schemaversion="2">
<suite id="s1" name="Mobileautomation" source="C:\Users\Maic Miller\Documents\ProjetosGitHub\MobileAutomation-PrimeHero\tests\mobileautomation.robot">
<test id="s1-t1" name="Caso de Teste 02: Logar no YouTube">
<kw name="Abrir aplicativo" type="SETUP">
<kw name="Set Appium Timeout" library="AppiumLibrary">
<arg>60</arg>
<doc>Sets the timeout in seconds used by various keywords.</doc>
<status status="PASS" starttime="20211024 22:34:14.343" endtime="20211024 22:34:14.343"/>
</kw>
<kw name="Open Application" library="AppiumLibrary">
<arg>http://localhost:4723/wd/hub</arg>
<arg>platformName=Android</arg>
<arg>deviceName=RX8M80897QT</arg>
<arg>automationName=uiautomator2</arg>
<arg>appPackage=com.google.android.youtube</arg>
<arg>appActivity=com.google.android.youtube.HomeActivity</arg>
<arg>autoGrantPermissions=true</arg>
<doc>Opens a new application to given Appium server.
Capabilities of appium server, Android and iOS,
Please check https://github.com/appium/appium/blob/master/docs/en/writing-running-appium/server-args.md
| *Option*            | *Man.* | *Description*     |
| remote_url          | Yes    | Appium server url |
| alias               | no     | alias             |</doc>
<status status="PASS" starttime="20211024 22:34:14.344" endtime="20211024 22:34:30.807"/>
</kw>
<status status="PASS" starttime="20211024 22:34:14.343" endtime="20211024 22:34:30.808"/>
</kw>
<kw name="Logar no aplicativo com a conta">
<kw name="Wait Until Element Is Visible" library="AppiumLibrary">
<arg>accessibility_id=Conta</arg>
<doc>Waits until element specified with `locator` is visible.</doc>
<status status="PASS" starttime="20211024 22:34:30.809" endtime="20211024 22:34:36.514"/>
</kw>
<kw name="Click Element" library="AppiumLibrary">
<arg>accessibility_id=Conta</arg>
<doc>Click element identified by `locator`.</doc>
<msg timestamp="20211024 22:34:36.516" level="INFO">Clicking element 'accessibility_id=Conta'.</msg>
<status status="PASS" starttime="20211024 22:34:36.515" endtime="20211024 22:34:37.351"/>
</kw>
<kw name="Wait Until Element Is Visible" library="AppiumLibrary">
<arg>id=com.google.android.youtube:id/button</arg>
<arg>5s</arg>
<doc>Waits until element specified with `locator` is visible.</doc>
<status status="PASS" starttime="20211024 22:34:37.351" endtime="20211024 22:34:38.061"/>
</kw>
<kw name="Click Element" library="AppiumLibrary">
<arg>id=com.google.android.youtube:id/button</arg>
<doc>Click element identified by `locator`.</doc>
<msg timestamp="20211024 22:34:38.063" level="INFO">Clicking element 'id=com.google.android.youtube:id/button'.</msg>
<status status="PASS" starttime="20211024 22:34:38.061" endtime="20211024 22:34:38.150"/>
</kw>
<kw name="Wait Until Element Is Visible" library="AppiumLibrary">
<arg>id=com.google.android.youtube:id/name</arg>
<doc>Waits until element specified with `locator` is visible.</doc>
<status status="PASS" starttime="20211024 22:34:38.150" endtime="20211024 22:34:39.215"/>
</kw>
<kw name="Click Element" library="AppiumLibrary">
<arg>id=com.google.android.youtube:id/name</arg>
<doc>Click element identified by `locator`.</doc>
<msg timestamp="20211024 22:34:39.217" level="INFO">Clicking element 'id=com.google.android.youtube:id/name'.</msg>
<status status="PASS" starttime="20211024 22:34:39.215" endtime="20211024 22:34:39.486"/>
</kw>
<kw name="Wait Until Element Is Visible" library="AppiumLibrary">
<arg>class=android.widget.EditText</arg>
<doc>Waits until element specified with `locator` is visible.</doc>
<status status="PASS" starttime="20211024 22:34:39.486" endtime="20211024 22:34:47.967"/>
</kw>
<kw name="Click Element" library="AppiumLibrary">
<arg>class=android.widget.EditText</arg>
<doc>Click element identified by `locator`.</doc>
<msg timestamp="20211024 22:34:47.971" level="INFO">Clicking element 'class=android.widget.EditText'.</msg>
<status status="PASS" starttime="20211024 22:34:47.968" endtime="20211024 22:34:48.084"/>
</kw>
<kw name="Input Text" library="AppiumLibrary">
<arg>class=android.widget.EditText</arg>
<arg>primeheroexpert@gmail.com</arg>
<doc>Types the given `text` into text field identified by `locator`.</doc>
<msg timestamp="20211024 22:34:48.087" level="INFO">Typing text 'primeheroexpert@gmail.com' into text field 'class=android.widget.EditText'</msg>
<status status="PASS" starttime="20211024 22:34:48.084" endtime="20211024 22:34:49.536"/>
</kw>
<kw name="Click Element" library="AppiumLibrary">
<arg>class=android.widget.Button</arg>
<doc>Click element identified by `locator`.</doc>
<msg timestamp="20211024 22:34:49.538" level="INFO">Clicking element 'class=android.widget.Button'.</msg>
<status status="PASS" starttime="20211024 22:34:49.536" endtime="20211024 22:34:49.667"/>
</kw>
<kw name="Wait Until Page Contains Element" library="AppiumLibrary">
<arg>xpath=//android.widget.Button[contains(@text,'Fechar')]</arg>
<arg>5s</arg>
<doc>Waits until element specified with `locator` appears on current page.</doc>
<status status="PASS" starttime="20211024 22:34:49.668" endtime="20211024 22:34:51.873"/>
</kw>
<kw name="Click Element" library="AppiumLibrary">
<arg>xpath=//android.widget.Button[contains(@text,'Fechar')]</arg>
<doc>Click element identified by `locator`.</doc>
<msg timestamp="20211024 22:34:51.875" level="INFO">Clicking element 'xpath=//android.widget.Button[contains(@text,'Fechar')]'.</msg>
<status status="PASS" starttime="20211024 22:34:51.873" endtime="20211024 22:34:52.064"/>
</kw>
<kw name="Wait Until Page Contains Element" library="AppiumLibrary">
<arg>xpath=//*[contains(@text,'PRÓXIMA')]</arg>
<arg>5s</arg>
<doc>Waits until element specified with `locator` appears on current page.</doc>
<status status="PASS" starttime="20211024 22:34:52.064" endtime="20211024 22:34:52.134"/>
</kw>
<kw name="Click Element" library="AppiumLibrary">
<arg>xpath=//*[contains(@text,'PRÓXIMA')]</arg>
<doc>Click element identified by `locator`.</doc>
<msg timestamp="20211024 22:34:52.136" level="INFO">Clicking element 'xpath=//*[contains(@text,'PRÓXIMA')]'.</msg>
<status status="PASS" starttime="20211024 22:34:52.134" endtime="20211024 22:34:53.967"/>
</kw>
<kw name="Wait Until Element Is Visible" library="AppiumLibrary">
<arg>xpath=//*[contains(@text,'Mostrar senha')]</arg>
<doc>Waits until element specified with `locator` is visible.</doc>
<status status="PASS" starttime="20211024 22:34:53.967" endtime="20211024 22:34:58.964"/>
</kw>
<kw name="Click Element" library="AppiumLibrary">
<arg>class=android.widget.EditText</arg>
<doc>Click element identified by `locator`.</doc>
<msg timestamp="20211024 22:34:58.966" level="INFO">Clicking element 'class=android.widget.EditText'.</msg>
<status status="PASS" starttime="20211024 22:34:58.964" endtime="20211024 22:34:59.070"/>
</kw>
<kw name="Wait Until Element Is Visible" library="AppiumLibrary">
<arg>class=android.widget.EditText</arg>
<arg>5</arg>
<doc>Waits until element specified with `locator` is visible.</doc>
<status status="PASS" starttime="20211024 22:34:59.070" endtime="20211024 22:34:59.137"/>
</kw>
<kw name="Input Text" library="AppiumLibrary">
<arg>class=android.widget.EditText</arg>
<arg>0o9i8u7y6t5r4e3w2q</arg>
<doc>Types the given `text` into text field identified by `locator`.</doc>
<msg timestamp="20211024 22:34:59.140" level="INFO">Typing text '0o9i8u7y6t5r4e3w2q' into text field 'class=android.widget.EditText'</msg>
<status status="PASS" starttime="20211024 22:34:59.138" endtime="20211024 22:34:59.690"/>
</kw>
<kw name="Click Element" library="AppiumLibrary">
<arg>xpath=//*[contains(@text,'PRÓXIMA')]</arg>
<doc>Click element identified by `locator`.</doc>
<msg timestamp="20211024 22:34:59.692" level="INFO">Clicking element 'xpath=//*[contains(@text,'PRÓXIMA')]'.</msg>
<status status="PASS" starttime="20211024 22:34:59.690" endtime="20211024 22:35:00.881"/>
</kw>
<kw name="Wait Until Page Contains Element" library="AppiumLibrary">
<arg>xpath=//*[contains(@text,'Concordo')]</arg>
<arg>5s</arg>
<doc>Waits until element specified with `locator` appears on current page.</doc>
<status status="PASS" starttime="20211024 22:35:00.881" endtime="20211024 22:35:04.982"/>
</kw>
<kw name="Click Element" library="AppiumLibrary">
<arg>xpath=/hierarchy/android.widget.FrameLayout/android.widget.LinearLayout/android.widget.FrameLayout/android.widget.FrameLayout/android.widget.FrameLayout/android.widget.FrameLayout/android.widget.FrameLayout/android.widget.LinearLayout/android.widget.FrameLayout/android.webkit.WebView/android.webkit.WebView/android.view.View/android.view.View[4]</arg>
<doc>Click element identified by `locator`.</doc>
<msg timestamp="20211024 22:35:04.985" level="INFO">Clicking element 'xpath=/hierarchy/android.widget.FrameLayout/android.widget.LinearLayout/android.widget.FrameLayout/android.widget.FrameLayout/android.widget.FrameLayout/android.widget.FrameLayout/android.widget.FrameLayout/android.widget.LinearLayout/android.widget.FrameLayout/android.webkit.WebView/android.webkit.WebView/android.view.View/android.view.View[4]'.</msg>
<status status="PASS" starttime="20211024 22:35:04.983" endtime="20211024 22:35:05.098"/>
</kw>
<kw name="Wait Until Page Contains Element" library="AppiumLibrary">
<arg>xpath=//*[contains(@text,'MAIS')]</arg>
<arg>15s</arg>
<doc>Waits until element specified with `locator` appears on current page.</doc>
<status status="PASS" starttime="20211024 22:35:05.098" endtime="20211024 22:35:10.804"/>
</kw>
<kw name="Click Element" library="AppiumLibrary">
<arg>xpath=//*[contains(@text,'MAIS')]</arg>
<doc>Click element identified by `locator`.</doc>
<msg timestamp="20211024 22:35:10.806" level="INFO">Clicking element 'xpath=//*[contains(@text,'MAIS')]'.</msg>
<status status="PASS" starttime="20211024 22:35:10.804" endtime="20211024 22:35:10.927"/>
</kw>
<kw name="Click Element" library="AppiumLibrary">
<arg>xpath=//*[contains(@text,'ACEITAR')]</arg>
<doc>Click element identified by `locator`.</doc>
<msg timestamp="20211024 22:35:10.929" level="INFO">Clicking element 'xpath=//*[contains(@text,'ACEITAR')]'.</msg>
<status status="PASS" starttime="20211024 22:35:10.927" endtime="20211024 22:35:11.711"/>
</kw>
<kw name="Wait Until Page Contains Element" library="AppiumLibrary">
<arg>accessibility_id=YouTube</arg>
<arg>20s</arg>
<doc>Waits until element specified with `locator` appears on current page.</doc>
<status status="PASS" starttime="20211024 22:35:11.711" endtime="20211024 22:35:20.210"/>
</kw>
<kw name="Wait Until Element Is Visible" library="AppiumLibrary">
<arg>xpath=//*[contains(@text,'Início')]</arg>
<doc>Waits until element specified with `locator` is visible.</doc>
<status status="PASS" starttime="20211024 22:35:20.210" endtime="20211024 22:35:21.491"/>
</kw>
<status status="PASS" starttime="20211024 22:34:30.808" endtime="20211024 22:35:21.491"/>
</kw>
<kw name="Entrar no menu “Explorar”">
<kw name="Click Element" library="AppiumLibrary">
<arg>xpath=//*[contains(@text,'Explorar')]</arg>
<doc>Click element identified by `locator`.</doc>
<msg timestamp="20211024 22:35:21.495" level="INFO">Clicking element 'xpath=//*[contains(@text,'Explorar')]'.</msg>
<status status="PASS" starttime="20211024 22:35:21.493" endtime="20211024 22:35:22.904"/>
</kw>
<status status="PASS" starttime="20211024 22:35:21.492" endtime="20211024 22:35:22.904"/>
</kw>
<kw name="Usar swipe de tela até o 10 item da tela">
<kw name="Wait Until Element Is Visible" library="AppiumLibrary">
<arg>class=android.view.ViewGroup</arg>
<doc>Waits until element specified with `locator` is visible.</doc>
<status status="PASS" starttime="20211024 22:35:22.916" endtime="20211024 22:35:23.385"/>
</kw>
<for flavor="IN RANGE">
<var>${y}</var>
<value>0</value>
<value>10</value>
<iter>
<var name="${y}">0</var>
<kw name="Swipe" library="AppiumLibrary">
<arg>580</arg>
<arg>1500</arg>
<arg>580</arg>
<arg>700</arg>
<doc>Swipe from one point to another point, for an optional duration.</doc>
<status status="PASS" starttime="20211024 22:35:23.386" endtime="20211024 22:35:25.515"/>
</kw>
<kw name="Sleep" library="BuiltIn">
<arg>0.5</arg>
<doc>Pauses the test executed for the given time.</doc>
<msg timestamp="20211024 22:35:26.023" level="INFO">Slept 500 milliseconds</msg>
<status status="PASS" starttime="20211024 22:35:25.515" endtime="20211024 22:35:26.023"/>
</kw>
<status status="PASS" starttime="20211024 22:35:23.386" endtime="20211024 22:35:26.023"/>
</iter>
<iter>
<var name="${y}">1</var>
<kw name="Swipe" library="AppiumLibrary">
<arg>580</arg>
<arg>1500</arg>
<arg>580</arg>
<arg>700</arg>
<doc>Swipe from one point to another point, for an optional duration.</doc>
<status status="PASS" starttime="20211024 22:35:26.024" endtime="20211024 22:35:27.928"/>
</kw>
<kw name="Sleep" library="BuiltIn">
<arg>0.5</arg>
<doc>Pauses the test executed for the given time.</doc>
<msg timestamp="20211024 22:35:28.442" level="INFO">Slept 500 milliseconds</msg>
<status status="PASS" starttime="20211024 22:35:27.928" endtime="20211024 22:35:28.442"/>
</kw>
<status status="PASS" starttime="20211024 22:35:26.023" endtime="20211024 22:35:28.442"/>
</iter>
<iter>
<var name="${y}">2</var>
<kw name="Swipe" library="AppiumLibrary">
<arg>580</arg>
<arg>1500</arg>
<arg>580</arg>
<arg>700</arg>
<doc>Swipe from one point to another point, for an optional duration.</doc>
<status status="PASS" starttime="20211024 22:35:28.442" endtime="20211024 22:35:30.135"/>
</kw>
<kw name="Sleep" library="BuiltIn">
<arg>0.5</arg>
<doc>Pauses the test executed for the given time.</doc>
<msg timestamp="20211024 22:35:30.645" level="INFO">Slept 500 milliseconds</msg>
<status status="PASS" starttime="20211024 22:35:30.135" endtime="20211024 22:35:30.645"/>
</kw>
<status status="PASS" starttime="20211024 22:35:28.442" endtime="20211024 22:35:30.645"/>
</iter>
<iter>
<var name="${y}">3</var>
<kw name="Swipe" library="AppiumLibrary">
<arg>580</arg>
<arg>1500</arg>
<arg>580</arg>
<arg>700</arg>
<doc>Swipe from one point to another point, for an optional duration.</doc>
<status status="PASS" starttime="20211024 22:35:30.645" endtime="20211024 22:35:32.608"/>
</kw>
<kw name="Sleep" library="BuiltIn">
<arg>0.5</arg>
<doc>Pauses the test executed for the given time.</doc>
<msg timestamp="20211024 22:35:33.123" level="INFO">Slept 500 milliseconds</msg>
<status status="PASS" starttime="20211024 22:35:32.608" endtime="20211024 22:35:33.123"/>
</kw>
<status status="PASS" starttime="20211024 22:35:30.645" endtime="20211024 22:35:33.123"/>
</iter>
<iter>
<var name="${y}">4</var>
<kw name="Swipe" library="AppiumLibrary">
<arg>580</arg>
<arg>1500</arg>
<arg>580</arg>
<arg>700</arg>
<doc>Swipe from one point to another point, for an optional duration.</doc>
<status status="PASS" starttime="20211024 22:35:33.123" endtime="20211024 22:35:34.804"/>
</kw>
<kw name="Sleep" library="BuiltIn">
<arg>0.5</arg>
<doc>Pauses the test executed for the given time.</doc>
<msg timestamp="20211024 22:35:35.309" level="INFO">Slept 500 milliseconds</msg>
<status status="PASS" starttime="20211024 22:35:34.804" endtime="20211024 22:35:35.309"/>
</kw>
<status status="PASS" starttime="20211024 22:35:33.123" endtime="20211024 22:35:35.309"/>
</iter>
<iter>
<var name="${y}">5</var>
<kw name="Swipe" library="AppiumLibrary">
<arg>580</arg>
<arg>1500</arg>
<arg>580</arg>
<arg>700</arg>
<doc>Swipe from one point to another point, for an optional duration.</doc>
<status status="PASS" starttime="20211024 22:35:35.309" endtime="20211024 22:35:36.920"/>
</kw>
<kw name="Sleep" library="BuiltIn">
<arg>0.5</arg>
<doc>Pauses the test executed for the given time.</doc>
<msg timestamp="20211024 22:35:37.427" level="INFO">Slept 500 milliseconds</msg>
<status status="PASS" starttime="20211024 22:35:36.920" endtime="20211024 22:35:37.427"/>
</kw>
<status status="PASS" starttime="20211024 22:35:35.309" endtime="20211024 22:35:37.427"/>
</iter>
<iter>
<var name="${y}">6</var>
<kw name="Swipe" library="AppiumLibrary">
<arg>580</arg>
<arg>1500</arg>
<arg>580</arg>
<arg>700</arg>
<doc>Swipe from one point to another point, for an optional duration.</doc>
<status status="PASS" starttime="20211024 22:35:37.427" endtime="20211024 22:35:39.023"/>
</kw>
<kw name="Sleep" library="BuiltIn">
<arg>0.5</arg>
<doc>Pauses the test executed for the given time.</doc>
<msg timestamp="20211024 22:35:39.538" level="INFO">Slept 500 milliseconds</msg>
<status status="PASS" starttime="20211024 22:35:39.023" endtime="20211024 22:35:39.538"/>
</kw>
<status status="PASS" starttime="20211024 22:35:37.427" endtime="20211024 22:35:39.538"/>
</iter>
<iter>
<var name="${y}">7</var>
<kw name="Swipe" library="AppiumLibrary">
<arg>580</arg>
<arg>1500</arg>
<arg>580</arg>
<arg>700</arg>
<doc>Swipe from one point to another point, for an optional duration.</doc>
<status status="PASS" starttime="20211024 22:35:39.538" endtime="20211024 22:35:41.149"/>
</kw>
<kw name="Sleep" library="BuiltIn">
<arg>0.5</arg>
<doc>Pauses the test executed for the given time.</doc>
<msg timestamp="20211024 22:35:41.664" level="INFO">Slept 500 milliseconds</msg>
<status status="PASS" starttime="20211024 22:35:41.149" endtime="20211024 22:35:41.664"/>
</kw>
<status status="PASS" starttime="20211024 22:35:39.538" endtime="20211024 22:35:41.664"/>
</iter>
<iter>
<var name="${y}">8</var>
<kw name="Swipe" library="AppiumLibrary">
<arg>580</arg>
<arg>1500</arg>
<arg>580</arg>
<arg>700</arg>
<doc>Swipe from one point to another point, for an optional duration.</doc>
<status status="PASS" starttime="20211024 22:35:41.664" endtime="20211024 22:35:43.387"/>
</kw>
<kw name="Sleep" library="BuiltIn">
<arg>0.5</arg>
<doc>Pauses the test executed for the given time.</doc>
<msg timestamp="20211024 22:35:43.899" level="INFO">Slept 500 milliseconds</msg>
<status status="PASS" starttime="20211024 22:35:43.387" endtime="20211024 22:35:43.899"/>
</kw>
<status status="PASS" starttime="20211024 22:35:41.664" endtime="20211024 22:35:43.899"/>
</iter>
<iter>
<var name="${y}">9</var>
<kw name="Swipe" library="AppiumLibrary">
<arg>580</arg>
<arg>1500</arg>
<arg>580</arg>
<arg>700</arg>
<doc>Swipe from one point to another point, for an optional duration.</doc>
<status status="PASS" starttime="20211024 22:35:43.899" endtime="20211024 22:35:45.532"/>
</kw>
<kw name="Sleep" library="BuiltIn">
<arg>0.5</arg>
<doc>Pauses the test executed for the given time.</doc>
<msg timestamp="20211024 22:35:46.045" level="INFO">Slept 500 milliseconds</msg>
<status status="PASS" starttime="20211024 22:35:45.532" endtime="20211024 22:35:46.045"/>
</kw>
<status status="PASS" starttime="20211024 22:35:43.899" endtime="20211024 22:35:46.045"/>
</iter>
<status status="PASS" starttime="20211024 22:35:23.385" endtime="20211024 22:35:46.045"/>
</for>
<status status="PASS" starttime="20211024 22:35:22.915" endtime="20211024 22:35:46.046"/>
</kw>
<kw name="Clicar no vídeo">
<kw name="Click Element At Coordinates" library="AppiumLibrary">
<arg>540</arg>
<arg>1430</arg>
<doc>click element at a certain coordinate</doc>
<msg timestamp="20211024 22:35:46.051" level="INFO">Pressing at (540, 1430).</msg>
<status status="PASS" starttime="20211024 22:35:46.048" endtime="20211024 22:35:46.230"/>
</kw>
<kw name="Wait Until Page Contains Element" library="AppiumLibrary">
<arg>xpath=//*[contains(@text,'#10 NOS VÍDEOS EM ALTA')]</arg>
<doc>Waits until element specified with `locator` appears on current page.</doc>
<status status="PASS" starttime="20211024 22:35:46.230" endtime="20211024 22:36:08.989"/>
</kw>
<status status="PASS" starttime="20211024 22:35:46.047" endtime="20211024 22:36:08.990"/>
</kw>
<kw name="Fechar aplicativo" type="TEARDOWN">
<kw name="Capture Page Screenshot" library="AppiumLibrary">
<doc>Takes a screenshot of the current page and embeds it into the log.</doc>
<msg timestamp="20211024 22:36:10.842" level="INFO" html="true">&lt;/td&gt;&lt;/tr&gt;&lt;tr&gt;&lt;td colspan="3"&gt;&lt;a href="appium-screenshot-1.png"&gt;&lt;img src="appium-screenshot-1.png" width="800px"&gt;&lt;/a&gt;</msg>
<status status="PASS" starttime="20211024 22:36:08.993" endtime="20211024 22:36:10.843"/>
</kw>
<kw name="Close Application" library="AppiumLibrary">
<doc>Closes the current application and also close webdriver session.</doc>
<status status="PASS" starttime="20211024 22:36:10.843" endtime="20211024 22:36:13.187"/>
</kw>
<status status="PASS" starttime="20211024 22:36:08.993" endtime="20211024 22:36:13.187"/>
</kw>
<tag>AUTENTICAR</tag>
<status status="PASS" starttime="20211024 22:34:14.342" endtime="20211024 22:36:13.188"/>
</test>
<doc>Testes Mobile PrimeHero Experts</doc>
<status status="PASS" starttime="20211024 22:34:14.017" endtime="20211024 22:36:13.190"/>
</suite>
<statistics>
<total>
<stat pass="1" fail="0" skip="0">All Tests</stat>
</total>
<tag>
<stat pass="1" fail="0" skip="0">AUTENTICAR</stat>
</tag>
<suite>
<stat pass="1" fail="0" skip="0" id="s1" name="Mobileautomation">Mobileautomation</stat>
</suite>
</statistics>
<errors>
</errors>
</robot>
