<?xml version="1.0" encoding="UTF-8"?>
<robot generator="Robot 4.1.2 (Python 3.10.0 on win32)" generated="20211024 21:10:34.652" rpa="false" schemaversion="2">
<suite id="s1" name="Mobileautomation" source="C:\Users\Maic Miller\Documents\ProjetosGitHub\MobileAutomation-PrimeHero\tests\mobileautomation.robot">
<test id="s1-t1" name="Caso de Teste 02: Logar no YouTube">
<kw name="Abrir aplicativo" type="SETUP">
<kw name="Set Appium Timeout" library="AppiumLibrary">
<arg>60</arg>
<doc>Sets the timeout in seconds used by various keywords.</doc>
<status status="PASS" starttime="20211024 21:10:34.911" endtime="20211024 21:10:34.911"/>
</kw>
<kw name="Open Application" library="AppiumLibrary">
<arg>http://localhost:4723/wd/hub</arg>
<arg>platformName=Android</arg>
<arg>deviceName=RX8M80897QT</arg>
<arg>automationName=uiautomator2</arg>
<arg>appPackage=com.google.android.youtube</arg>
<arg>appActivity=com.google.android.youtube.HomeActivity</arg>
<arg>autoGrantPermissions=true</arg>
<doc>Opens a new application to given Appium server.
Capabilities of appium server, Android and iOS,
Please check https://github.com/appium/appium/blob/master/docs/en/writing-running-appium/server-args.md
| *Option*            | *Man.* | *Description*     |
| remote_url          | Yes    | Appium server url |
| alias               | no     | alias             |</doc>
<status status="PASS" starttime="20211024 21:10:34.911" endtime="20211024 21:10:50.997"/>
</kw>
<status status="PASS" starttime="20211024 21:10:34.910" endtime="20211024 21:10:50.997"/>
</kw>
<kw name="Logar no aplicativo com a conta">
<kw name="Wait Until Element Is Visible" library="AppiumLibrary">
<arg>accessibility_id=Conta</arg>
<doc>Waits until element specified with `locator` is visible.</doc>
<status status="PASS" starttime="20211024 21:10:51.000" endtime="20211024 21:10:55.538"/>
</kw>
<kw name="Click Element" library="AppiumLibrary">
<arg>accessibility_id=Conta</arg>
<doc>Click element identified by `locator`.</doc>
<msg timestamp="20211024 21:10:55.540" level="INFO">Clicking element 'accessibility_id=Conta'.</msg>
<status status="PASS" starttime="20211024 21:10:55.538" endtime="20211024 21:10:55.819"/>
</kw>
<kw name="Wait Until Element Is Visible" library="AppiumLibrary">
<arg>id=com.google.android.youtube:id/button</arg>
<arg>5s</arg>
<doc>Waits until element specified with `locator` is visible.</doc>
<status status="PASS" starttime="20211024 21:10:55.819" endtime="20211024 21:10:56.803"/>
</kw>
<kw name="Click Element" library="AppiumLibrary">
<arg>id=com.google.android.youtube:id/button</arg>
<doc>Click element identified by `locator`.</doc>
<msg timestamp="20211024 21:10:56.805" level="INFO">Clicking element 'id=com.google.android.youtube:id/button'.</msg>
<status status="PASS" starttime="20211024 21:10:56.804" endtime="20211024 21:10:56.905"/>
</kw>
<kw name="Wait Until Element Is Visible" library="AppiumLibrary">
<arg>id=com.google.android.youtube:id/name</arg>
<doc>Waits until element specified with `locator` is visible.</doc>
<status status="PASS" starttime="20211024 21:10:56.905" endtime="20211024 21:10:57.853"/>
</kw>
<kw name="Click Element" library="AppiumLibrary">
<arg>id=com.google.android.youtube:id/name</arg>
<doc>Click element identified by `locator`.</doc>
<msg timestamp="20211024 21:10:57.855" level="INFO">Clicking element 'id=com.google.android.youtube:id/name'.</msg>
<status status="PASS" starttime="20211024 21:10:57.853" endtime="20211024 21:10:58.271"/>
</kw>
<kw name="Wait Until Element Is Visible" library="AppiumLibrary">
<arg>class=android.widget.EditText</arg>
<doc>Waits until element specified with `locator` is visible.</doc>
<status status="PASS" starttime="20211024 21:10:58.271" endtime="20211024 21:11:06.457"/>
</kw>
<kw name="Click Element" library="AppiumLibrary">
<arg>class=android.widget.EditText</arg>
<doc>Click element identified by `locator`.</doc>
<msg timestamp="20211024 21:11:06.459" level="INFO">Clicking element 'class=android.widget.EditText'.</msg>
<status status="PASS" starttime="20211024 21:11:06.458" endtime="20211024 21:11:06.569"/>
</kw>
<kw name="Input Text" library="AppiumLibrary">
<arg>class=android.widget.EditText</arg>
<arg>primeheroexpert@gmail.com</arg>
<doc>Types the given `text` into text field identified by `locator`.</doc>
<msg timestamp="20211024 21:11:06.571" level="INFO">Typing text 'primeheroexpert@gmail.com' into text field 'class=android.widget.EditText'</msg>
<status status="PASS" starttime="20211024 21:11:06.569" endtime="20211024 21:11:08.356"/>
</kw>
<kw name="Click Element" library="AppiumLibrary">
<arg>class=android.widget.Button</arg>
<doc>Click element identified by `locator`.</doc>
<msg timestamp="20211024 21:11:08.358" level="INFO">Clicking element 'class=android.widget.Button'.</msg>
<status status="PASS" starttime="20211024 21:11:08.356" endtime="20211024 21:11:09.412"/>
</kw>
<kw name="Wait Until Page Contains Element" library="AppiumLibrary">
<arg>xpath=//android.widget.Button[contains(@text,'Fechar')]</arg>
<arg>5s</arg>
<doc>Waits until element specified with `locator` appears on current page.</doc>
<status status="PASS" starttime="20211024 21:11:09.412" endtime="20211024 21:11:10.076"/>
</kw>
<kw name="Click Element" library="AppiumLibrary">
<arg>xpath=//android.widget.Button[contains(@text,'Fechar')]</arg>
<doc>Click element identified by `locator`.</doc>
<msg timestamp="20211024 21:11:10.078" level="INFO">Clicking element 'xpath=//android.widget.Button[contains(@text,'Fechar')]'.</msg>
<status status="PASS" starttime="20211024 21:11:10.077" endtime="20211024 21:11:10.603"/>
</kw>
<kw name="Wait Until Page Contains Element" library="AppiumLibrary">
<arg>xpath=//*[contains(@text,'PRÓXIMA')]</arg>
<arg>5s</arg>
<doc>Waits until element specified with `locator` appears on current page.</doc>
<status status="PASS" starttime="20211024 21:11:10.603" endtime="20211024 21:11:11.690"/>
</kw>
<kw name="Click Element" library="AppiumLibrary">
<arg>xpath=//*[contains(@text,'PRÓXIMA')]</arg>
<doc>Click element identified by `locator`.</doc>
<msg timestamp="20211024 21:11:11.692" level="INFO">Clicking element 'xpath=//*[contains(@text,'PRÓXIMA')]'.</msg>
<status status="PASS" starttime="20211024 21:11:11.690" endtime="20211024 21:11:11.852"/>
</kw>
<kw name="Wait Until Element Is Visible" library="AppiumLibrary">
<arg>xpath=//*[contains(@text,'Mostrar senha')]</arg>
<doc>Waits until element specified with `locator` is visible.</doc>
<status status="PASS" starttime="20211024 21:11:11.852" endtime="20211024 21:11:15.816"/>
</kw>
<kw name="Click Element" library="AppiumLibrary">
<arg>class=android.widget.EditText</arg>
<doc>Click element identified by `locator`.</doc>
<msg timestamp="20211024 21:11:15.818" level="INFO">Clicking element 'class=android.widget.EditText'.</msg>
<status status="PASS" starttime="20211024 21:11:15.816" endtime="20211024 21:11:15.902"/>
</kw>
<kw name="Wait Until Element Is Visible" library="AppiumLibrary">
<arg>class=android.widget.EditText</arg>
<arg>5</arg>
<doc>Waits until element specified with `locator` is visible.</doc>
<status status="PASS" starttime="20211024 21:11:15.902" endtime="20211024 21:11:15.958"/>
</kw>
<kw name="Input Text" library="AppiumLibrary">
<arg>class=android.widget.EditText</arg>
<arg>0o9i8u7y6t5r4e3w2q</arg>
<doc>Types the given `text` into text field identified by `locator`.</doc>
<msg timestamp="20211024 21:11:15.960" level="INFO">Typing text '0o9i8u7y6t5r4e3w2q' into text field 'class=android.widget.EditText'</msg>
<status status="PASS" starttime="20211024 21:11:15.958" endtime="20211024 21:11:16.034"/>
</kw>
<kw name="Click Element" library="AppiumLibrary">
<arg>xpath=//*[contains(@text,'PRÓXIMA')]</arg>
<doc>Click element identified by `locator`.</doc>
<msg timestamp="20211024 21:11:16.036" level="INFO">Clicking element 'xpath=//*[contains(@text,'PRÓXIMA')]'.</msg>
<status status="PASS" starttime="20211024 21:11:16.034" endtime="20211024 21:11:16.705"/>
</kw>
<kw name="Wait Until Page Contains Element" library="AppiumLibrary">
<arg>xpath=//*[contains(@text,'Concordo')]</arg>
<arg>5s</arg>
<doc>Waits until element specified with `locator` appears on current page.</doc>
<status status="PASS" starttime="20211024 21:11:16.705" endtime="20211024 21:11:19.953"/>
</kw>
<kw name="Click Element" library="AppiumLibrary">
<arg>xpath=/hierarchy/android.widget.FrameLayout/android.widget.LinearLayout/android.widget.FrameLayout/android.widget.FrameLayout/android.widget.FrameLayout/android.widget.FrameLayout/android.widget.FrameLayout/android.widget.LinearLayout/android.widget.FrameLayout/android.webkit.WebView/android.webkit.WebView/android.view.View/android.view.View[4]</arg>
<doc>Click element identified by `locator`.</doc>
<msg timestamp="20211024 21:11:19.955" level="INFO">Clicking element 'xpath=/hierarchy/android.widget.FrameLayout/android.widget.LinearLayout/android.widget.FrameLayout/android.widget.FrameLayout/android.widget.FrameLayout/android.widget.FrameLayout/android.widget.FrameLayout/android.widget.LinearLayout/android.widget.FrameLayout/android.webkit.WebView/android.webkit.WebView/android.view.View/android.view.View[4]'.</msg>
<status status="PASS" starttime="20211024 21:11:19.953" endtime="20211024 21:11:20.053"/>
</kw>
<kw name="Wait Until Page Contains Element" library="AppiumLibrary">
<arg>xpath=//*[contains(@text,'MAIS')]</arg>
<arg>15s</arg>
<doc>Waits until element specified with `locator` appears on current page.</doc>
<status status="PASS" starttime="20211024 21:11:20.053" endtime="20211024 21:11:26.404"/>
</kw>
<kw name="Click Element" library="AppiumLibrary">
<arg>xpath=//*[contains(@text,'MAIS')]</arg>
<doc>Click element identified by `locator`.</doc>
<msg timestamp="20211024 21:11:26.406" level="INFO">Clicking element 'xpath=//*[contains(@text,'MAIS')]'.</msg>
<status status="PASS" starttime="20211024 21:11:26.404" endtime="20211024 21:11:26.555"/>
</kw>
<kw name="Click Element" library="AppiumLibrary">
<arg>xpath=//*[contains(@text,'ACEITAR')]</arg>
<doc>Click element identified by `locator`.</doc>
<msg timestamp="20211024 21:11:26.557" level="INFO">Clicking element 'xpath=//*[contains(@text,'ACEITAR')]'.</msg>
<status status="PASS" starttime="20211024 21:11:26.555" endtime="20211024 21:11:27.336"/>
</kw>
<kw name="Wait Until Page Contains Element" library="AppiumLibrary">
<arg>accessibility_id=YouTube</arg>
<arg>20s</arg>
<doc>Waits until element specified with `locator` appears on current page.</doc>
<status status="PASS" starttime="20211024 21:11:27.336" endtime="20211024 21:11:35.840"/>
</kw>
<kw name="Wait Until Element Is Visible" library="AppiumLibrary">
<arg>xpath=//*[contains(@text,'Início')]</arg>
<doc>Waits until element specified with `locator` is visible.</doc>
<status status="PASS" starttime="20211024 21:11:35.840" endtime="20211024 21:11:35.982"/>
</kw>
<status status="PASS" starttime="20211024 21:10:50.999" endtime="20211024 21:11:35.982"/>
</kw>
<kw name="Entrar no menu “Explorar”">
<kw name="Click Element" library="AppiumLibrary">
<arg>xpath=//*[contains(@text,'Explorar')]</arg>
<doc>Click element identified by `locator`.</doc>
<msg timestamp="20211024 21:11:35.985" level="INFO">Clicking element 'xpath=//*[contains(@text,'Explorar')]'.</msg>
<status status="PASS" starttime="20211024 21:11:35.983" endtime="20211024 21:11:36.889"/>
</kw>
<status status="PASS" starttime="20211024 21:11:35.983" endtime="20211024 21:11:36.890"/>
</kw>
<kw name="Usar swipe de tela até o 10 item da tela">
<kw name="Wait Until Element Is Visible" library="AppiumLibrary">
<arg>class=android.view.ViewGroup</arg>
<doc>Waits until element specified with `locator` is visible.</doc>
<status status="PASS" starttime="20211024 21:11:36.893" endtime="20211024 21:11:38.143"/>
</kw>
<for flavor="IN RANGE">
<var>${y}</var>
<value>0</value>
<value>10</value>
<iter>
<var name="${y}">0</var>
<kw name="Swipe" library="AppiumLibrary">
<arg>580</arg>
<arg>1500</arg>
<arg>580</arg>
<arg>700</arg>
<doc>Swipe from one point to another point, for an optional duration.</doc>
<status status="PASS" starttime="20211024 21:11:38.143" endtime="20211024 21:11:39.792"/>
</kw>
<kw name="Sleep" library="BuiltIn">
<arg>1</arg>
<doc>Pauses the test executed for the given time.</doc>
<msg timestamp="20211024 21:11:40.797" level="INFO">Slept 1 second</msg>
<status status="PASS" starttime="20211024 21:11:39.792" endtime="20211024 21:11:40.797"/>
</kw>
<status status="PASS" starttime="20211024 21:11:38.143" endtime="20211024 21:11:40.798"/>
</iter>
<iter>
<var name="${y}">1</var>
<kw name="Swipe" library="AppiumLibrary">
<arg>580</arg>
<arg>1500</arg>
<arg>580</arg>
<arg>700</arg>
<doc>Swipe from one point to another point, for an optional duration.</doc>
<status status="PASS" starttime="20211024 21:11:40.798" endtime="20211024 21:11:43.971"/>
</kw>
<kw name="Sleep" library="BuiltIn">
<arg>1</arg>
<doc>Pauses the test executed for the given time.</doc>
<msg timestamp="20211024 21:11:44.979" level="INFO">Slept 1 second</msg>
<status status="PASS" starttime="20211024 21:11:43.971" endtime="20211024 21:11:44.979"/>
</kw>
<status status="PASS" starttime="20211024 21:11:40.798" endtime="20211024 21:11:44.979"/>
</iter>
<iter>
<var name="${y}">2</var>
<kw name="Swipe" library="AppiumLibrary">
<arg>580</arg>
<arg>1500</arg>
<arg>580</arg>
<arg>700</arg>
<doc>Swipe from one point to another point, for an optional duration.</doc>
<status status="PASS" starttime="20211024 21:11:44.979" endtime="20211024 21:11:46.676"/>
</kw>
<kw name="Sleep" library="BuiltIn">
<arg>1</arg>
<doc>Pauses the test executed for the given time.</doc>
<msg timestamp="20211024 21:11:47.689" level="INFO">Slept 1 second</msg>
<status status="PASS" starttime="20211024 21:11:46.676" endtime="20211024 21:11:47.689"/>
</kw>
<status status="PASS" starttime="20211024 21:11:44.979" endtime="20211024 21:11:47.689"/>
</iter>
<iter>
<var name="${y}">3</var>
<kw name="Swipe" library="AppiumLibrary">
<arg>580</arg>
<arg>1500</arg>
<arg>580</arg>
<arg>700</arg>
<doc>Swipe from one point to another point, for an optional duration.</doc>
<status status="PASS" starttime="20211024 21:11:47.689" endtime="20211024 21:11:49.323"/>
</kw>
<kw name="Sleep" library="BuiltIn">
<arg>1</arg>
<doc>Pauses the test executed for the given time.</doc>
<msg timestamp="20211024 21:11:50.340" level="INFO">Slept 1 second</msg>
<status status="PASS" starttime="20211024 21:11:49.324" endtime="20211024 21:11:50.340"/>
</kw>
<status status="PASS" starttime="20211024 21:11:47.689" endtime="20211024 21:11:50.340"/>
</iter>
<iter>
<var name="${y}">4</var>
<kw name="Swipe" library="AppiumLibrary">
<arg>580</arg>
<arg>1500</arg>
<arg>580</arg>
<arg>700</arg>
<doc>Swipe from one point to another point, for an optional duration.</doc>
<status status="PASS" starttime="20211024 21:11:50.340" endtime="20211024 21:11:52.171"/>
</kw>
<kw name="Sleep" library="BuiltIn">
<arg>1</arg>
<doc>Pauses the test executed for the given time.</doc>
<msg timestamp="20211024 21:11:53.186" level="INFO">Slept 1 second</msg>
<status status="PASS" starttime="20211024 21:11:52.171" endtime="20211024 21:11:53.186"/>
</kw>
<status status="PASS" starttime="20211024 21:11:50.340" endtime="20211024 21:11:53.186"/>
</iter>
<iter>
<var name="${y}">5</var>
<kw name="Swipe" library="AppiumLibrary">
<arg>580</arg>
<arg>1500</arg>
<arg>580</arg>
<arg>700</arg>
<doc>Swipe from one point to another point, for an optional duration.</doc>
<status status="PASS" starttime="20211024 21:11:53.186" endtime="20211024 21:11:54.755"/>
</kw>
<kw name="Sleep" library="BuiltIn">
<arg>1</arg>
<doc>Pauses the test executed for the given time.</doc>
<msg timestamp="20211024 21:11:55.759" level="INFO">Slept 1 second</msg>
<status status="PASS" starttime="20211024 21:11:54.756" endtime="20211024 21:11:55.759"/>
</kw>
<status status="PASS" starttime="20211024 21:11:53.186" endtime="20211024 21:11:55.759"/>
</iter>
<iter>
<var name="${y}">6</var>
<kw name="Swipe" library="AppiumLibrary">
<arg>580</arg>
<arg>1500</arg>
<arg>580</arg>
<arg>700</arg>
<doc>Swipe from one point to another point, for an optional duration.</doc>
<status status="PASS" starttime="20211024 21:11:55.759" endtime="20211024 21:11:57.321"/>
</kw>
<kw name="Sleep" library="BuiltIn">
<arg>1</arg>
<doc>Pauses the test executed for the given time.</doc>
<msg timestamp="20211024 21:11:58.325" level="INFO">Slept 1 second</msg>
<status status="PASS" starttime="20211024 21:11:57.321" endtime="20211024 21:11:58.325"/>
</kw>
<status status="PASS" starttime="20211024 21:11:55.759" endtime="20211024 21:11:58.325"/>
</iter>
<iter>
<var name="${y}">7</var>
<kw name="Swipe" library="AppiumLibrary">
<arg>580</arg>
<arg>1500</arg>
<arg>580</arg>
<arg>700</arg>
<doc>Swipe from one point to another point, for an optional duration.</doc>
<status status="PASS" starttime="20211024 21:11:58.325" endtime="20211024 21:11:59.908"/>
</kw>
<kw name="Sleep" library="BuiltIn">
<arg>1</arg>
<doc>Pauses the test executed for the given time.</doc>
<msg timestamp="20211024 21:12:00.923" level="INFO">Slept 1 second</msg>
<status status="PASS" starttime="20211024 21:11:59.908" endtime="20211024 21:12:00.923"/>
</kw>
<status status="PASS" starttime="20211024 21:11:58.325" endtime="20211024 21:12:00.923"/>
</iter>
<iter>
<var name="${y}">8</var>
<kw name="Swipe" library="AppiumLibrary">
<arg>580</arg>
<arg>1500</arg>
<arg>580</arg>
<arg>700</arg>
<doc>Swipe from one point to another point, for an optional duration.</doc>
<status status="PASS" starttime="20211024 21:12:00.923" endtime="20211024 21:12:02.904"/>
</kw>
<kw name="Sleep" library="BuiltIn">
<arg>1</arg>
<doc>Pauses the test executed for the given time.</doc>
<msg timestamp="20211024 21:12:03.905" level="INFO">Slept 1 second</msg>
<status status="PASS" starttime="20211024 21:12:02.904" endtime="20211024 21:12:03.905"/>
</kw>
<status status="PASS" starttime="20211024 21:12:00.923" endtime="20211024 21:12:03.905"/>
</iter>
<iter>
<var name="${y}">9</var>
<kw name="Swipe" library="AppiumLibrary">
<arg>580</arg>
<arg>1500</arg>
<arg>580</arg>
<arg>700</arg>
<doc>Swipe from one point to another point, for an optional duration.</doc>
<status status="PASS" starttime="20211024 21:12:03.905" endtime="20211024 21:12:05.440"/>
</kw>
<kw name="Sleep" library="BuiltIn">
<arg>1</arg>
<doc>Pauses the test executed for the given time.</doc>
<msg timestamp="20211024 21:12:06.455" level="INFO">Slept 1 second</msg>
<status status="PASS" starttime="20211024 21:12:05.440" endtime="20211024 21:12:06.455"/>
</kw>
<status status="PASS" starttime="20211024 21:12:03.905" endtime="20211024 21:12:06.455"/>
</iter>
<status status="PASS" starttime="20211024 21:11:38.143" endtime="20211024 21:12:06.455"/>
</for>
<status status="PASS" starttime="20211024 21:11:36.893" endtime="20211024 21:12:06.455"/>
</kw>
<kw name="Clicar no vídeo">
<kw name="Click Element At Coordinates" library="AppiumLibrary">
<arg>540</arg>
<arg>1430</arg>
<doc>click element at a certain coordinate</doc>
<msg timestamp="20211024 21:12:06.458" level="INFO">Pressing at (540, 1430).</msg>
<status status="PASS" starttime="20211024 21:12:06.456" endtime="20211024 21:12:06.642"/>
</kw>
<kw name="Wait Until Page Contains Element" library="AppiumLibrary">
<arg>xpath=//*[contains(@text,'#10 NOS VÍDEOS EM ALTA')]</arg>
<doc>Waits until element specified with `locator` appears on current page.</doc>
<status status="PASS" starttime="20211024 21:12:06.642" endtime="20211024 21:12:50.303"/>
</kw>
<status status="PASS" starttime="20211024 21:12:06.456" endtime="20211024 21:12:50.304"/>
</kw>
<kw name="Fechar aplicativo" type="TEARDOWN">
<kw name="Capture Page Screenshot" library="AppiumLibrary">
<doc>Takes a screenshot of the current page and embeds it into the log.</doc>
<msg timestamp="20211024 21:12:51.589" level="INFO" html="true">&lt;/td&gt;&lt;/tr&gt;&lt;tr&gt;&lt;td colspan="3"&gt;&lt;a href="appium-screenshot-1.png"&gt;&lt;img src="appium-screenshot-1.png" width="800px"&gt;&lt;/a&gt;</msg>
<status status="PASS" starttime="20211024 21:12:50.306" endtime="20211024 21:12:51.589"/>
</kw>
<kw name="Close Application" library="AppiumLibrary">
<doc>Closes the current application and also close webdriver session.</doc>
<status status="PASS" starttime="20211024 21:12:51.589" endtime="20211024 21:12:52.985"/>
</kw>
<status status="PASS" starttime="20211024 21:12:50.305" endtime="20211024 21:12:52.986"/>
</kw>
<tag>LOGAR</tag>
<status status="PASS" starttime="20211024 21:10:34.910" endtime="20211024 21:12:52.987"/>
</test>
<doc>Testes Mobile PrimeHero Experts</doc>
<status status="PASS" starttime="20211024 21:10:34.654" endtime="20211024 21:12:52.992"/>
</suite>
<statistics>
<total>
<stat pass="1" fail="0" skip="0">All Tests</stat>
</total>
<tag>
<stat pass="1" fail="0" skip="0">LOGAR</stat>
</tag>
<suite>
<stat pass="1" fail="0" skip="0" id="s1" name="Mobileautomation">Mobileautomation</stat>
</suite>
</statistics>
<errors>
</errors>
</robot>
